0 info it worked if it ends with ok
1 verbose cli [ 'node',
1 verbose cli   '/usr/local/bin/npm',
1 verbose cli   'install',
1 verbose cli   '-g',
1 verbose cli   'servenpm',
1 verbose cli   'install',
1 verbose cli   '-g',
1 verbose cli   'serve' ]
2 info using npm@1.4.28
3 info using node@v0.10.33
4 verbose cache add [ 'servenpm', null ]
5 verbose cache add name=undefined spec="servenpm" args=["servenpm",null]
6 verbose parsed url { protocol: null,
6 verbose parsed url   slashes: null,
6 verbose parsed url   auth: null,
6 verbose parsed url   host: null,
6 verbose parsed url   port: null,
6 verbose parsed url   hostname: null,
6 verbose parsed url   hash: null,
6 verbose parsed url   search: null,
6 verbose parsed url   query: null,
6 verbose parsed url   pathname: 'servenpm',
6 verbose parsed url   path: 'servenpm',
6 verbose parsed url   href: 'servenpm' }
7 verbose cache add [ 'install', null ]
8 verbose cache add name=undefined spec="install" args=["install",null]
9 verbose parsed url { protocol: null,
9 verbose parsed url   slashes: null,
9 verbose parsed url   auth: null,
9 verbose parsed url   host: null,
9 verbose parsed url   port: null,
9 verbose parsed url   hostname: null,
9 verbose parsed url   hash: null,
9 verbose parsed url   search: null,
9 verbose parsed url   query: null,
9 verbose parsed url   pathname: 'install',
9 verbose parsed url   path: 'install',
9 verbose parsed url   href: 'install' }
10 verbose cache add [ 'serve', null ]
11 verbose cache add name=undefined spec="serve" args=["serve",null]
12 verbose parsed url { protocol: null,
12 verbose parsed url   slashes: null,
12 verbose parsed url   auth: null,
12 verbose parsed url   host: null,
12 verbose parsed url   port: null,
12 verbose parsed url   hostname: null,
12 verbose parsed url   hash: null,
12 verbose parsed url   search: null,
12 verbose parsed url   query: null,
12 verbose parsed url   pathname: 'serve',
12 verbose parsed url   path: 'serve',
12 verbose parsed url   href: 'serve' }
13 silly lockFile fdf8ffd9-servenpm servenpm
14 verbose lock servenpm /Users/mikeouellette1/.npm/fdf8ffd9-servenpm.lock
15 silly lockFile 89fb511f-install install
16 verbose lock install /Users/mikeouellette1/.npm/89fb511f-install.lock
17 silly lockFile b88fb872-serve serve
18 verbose lock serve /Users/mikeouellette1/.npm/b88fb872-serve.lock
19 silly lockFile fdf8ffd9-servenpm servenpm
20 silly lockFile fdf8ffd9-servenpm servenpm
21 silly lockFile 89fb511f-install install
22 silly lockFile 89fb511f-install install
23 silly lockFile b88fb872-serve serve
24 silly lockFile b88fb872-serve serve
25 verbose addNamed [ 'servenpm', '' ]
26 verbose addNamed [ null, '*' ]
27 silly lockFile 79c26d74-servenpm servenpm@
28 verbose lock servenpm@ /Users/mikeouellette1/.npm/79c26d74-servenpm.lock
29 verbose addNamed [ 'install', '' ]
30 verbose addNamed [ null, '*' ]
31 silly lockFile cadb329f-install install@
32 verbose lock install@ /Users/mikeouellette1/.npm/cadb329f-install.lock
33 verbose addNamed [ 'serve', '' ]
34 verbose addNamed [ null, '*' ]
35 silly lockFile f5f9b276-serve serve@
36 verbose lock serve@ /Users/mikeouellette1/.npm/f5f9b276-serve.lock
37 silly addNameRange { name: 'servenpm', range: '*', hasData: false }
38 silly addNameRange { name: 'install', range: '*', hasData: false }
39 verbose request where is /servenpm
40 verbose request registry https://registry.npmjs.org/
41 verbose request id 0bbab92003928be2
42 verbose url raw /servenpm
43 verbose url resolving [ 'https://registry.npmjs.org/', './servenpm' ]
44 verbose url resolved https://registry.npmjs.org/servenpm
45 verbose request where is https://registry.npmjs.org/servenpm
46 info trying registry request attempt 1 at 11:16:39
47 http GET https://registry.npmjs.org/servenpm
48 silly addNameRange { name: 'serve', range: '*', hasData: false }
49 verbose request where is /install
50 verbose request registry https://registry.npmjs.org/
51 verbose url raw /install
52 verbose url resolving [ 'https://registry.npmjs.org/', './install' ]
53 verbose url resolved https://registry.npmjs.org/install
54 verbose request where is https://registry.npmjs.org/install
55 info trying registry request attempt 1 at 11:16:39
56 verbose etag "WZSPSXTRJSQZK8AZJ8CRKK3S"
57 http GET https://registry.npmjs.org/install
58 verbose registry.get https://registry.npmjs.org/serve not expired, no request
59 silly addNameRange number 2 { name: 'serve', range: '*', hasData: true }
60 silly addNameRange versions [ 'serve',
60 silly addNameRange   [ '0.0.1',
60 silly addNameRange     '0.0.2',
60 silly addNameRange     '0.0.3',
60 silly addNameRange     '0.0.4',
60 silly addNameRange     '0.0.5',
60 silly addNameRange     '1.0.0',
60 silly addNameRange     '1.0.1',
60 silly addNameRange     '1.0.2',
60 silly addNameRange     '1.0.3',
60 silly addNameRange     '1.1.0',
60 silly addNameRange     '1.2.0',
60 silly addNameRange     '1.3.0',
60 silly addNameRange     '1.4.0' ] ]
61 verbose addNamed [ 'serve', '1.4.0' ]
62 verbose addNamed [ '1.4.0', '1.4.0' ]
63 silly lockFile 41214fd0-serve-1-4-0 serve@1.4.0
64 verbose lock serve@1.4.0 /Users/mikeouellette1/.npm/41214fd0-serve-1-4-0.lock
65 silly lockFile 41214fd0-serve-1-4-0 serve@1.4.0
66 silly lockFile 41214fd0-serve-1-4-0 serve@1.4.0
67 silly lockFile f5f9b276-serve serve@
68 silly lockFile f5f9b276-serve serve@
69 http 304 https://registry.npmjs.org/install
70 silly registry.get cb [ 304,
70 silly registry.get   { date: 'Wed, 10 Dec 2014 15:16:39 GMT',
70 silly registry.get     server: 'Apache',
70 silly registry.get     via: '1.1 varnish',
70 silly registry.get     'last-modified': 'Wed, 10 Dec 2014 15:16:28 GMT',
70 silly registry.get     'cache-control': 'max-age=60',
70 silly registry.get     etag: '"WZSPSXTRJSQZK8AZJ8CRKK3S"',
70 silly registry.get     age: '27',
70 silly registry.get     'x-served-by': 'cache-atl6224-ATL',
70 silly registry.get     'x-cache': 'HIT',
70 silly registry.get     'x-cache-hits': '2',
70 silly registry.get     'x-timer': 'S1418224599.810666,VS0,VE0',
70 silly registry.get     vary: 'Accept',
70 silly registry.get     'content-length': '0',
70 silly registry.get     'keep-alive': 'timeout=10, max=50',
70 silly registry.get     connection: 'Keep-Alive' } ]
71 verbose etag https://registry.npmjs.org/install from cache
72 silly addNameRange number 2 { name: 'install', range: '*', hasData: true }
73 silly addNameRange versions [ 'install',
73 silly addNameRange   [ '0.1.1',
73 silly addNameRange     '0.1.2',
73 silly addNameRange     '0.1.3',
73 silly addNameRange     '0.1.4',
73 silly addNameRange     '0.1.5',
73 silly addNameRange     '0.1.6',
73 silly addNameRange     '0.1.7',
73 silly addNameRange     '0.1.8' ] ]
74 verbose addNamed [ 'install', '0.1.8' ]
75 verbose addNamed [ '0.1.8', '0.1.8' ]
76 silly lockFile 584c81dc-install-0-1-8 install@0.1.8
77 verbose lock install@0.1.8 /Users/mikeouellette1/.npm/584c81dc-install-0-1-8.lock
78 silly lockFile 584c81dc-install-0-1-8 install@0.1.8
79 silly lockFile 584c81dc-install-0-1-8 install@0.1.8
80 silly lockFile cadb329f-install install@
81 silly lockFile cadb329f-install install@
82 http 404 https://registry.npmjs.org/servenpm
83 verbose headers { date: 'Wed, 10 Dec 2014 15:16:39 GMT',
83 verbose headers   server: 'CouchDB/1.5.0 (Erlang OTP/R16B03)',
83 verbose headers   'content-type': 'application/json',
83 verbose headers   'cache-control': 'max-age=0',
83 verbose headers   'content-length': '52',
83 verbose headers   'accept-ranges': 'bytes',
83 verbose headers   via: '1.1 varnish',
83 verbose headers   age: '0',
83 verbose headers   'x-served-by': 'cache-atl6232-ATL',
83 verbose headers   'x-cache': 'MISS',
83 verbose headers   'x-cache-hits': '0',
83 verbose headers   'x-timer': 'S1418224599.809593,VS0,VE23',
83 verbose headers   'keep-alive': 'timeout=10, max=50',
83 verbose headers   connection: 'Keep-Alive' }
84 silly registry.get cb [ 404,
84 silly registry.get   { date: 'Wed, 10 Dec 2014 15:16:39 GMT',
84 silly registry.get     server: 'CouchDB/1.5.0 (Erlang OTP/R16B03)',
84 silly registry.get     'content-type': 'application/json',
84 silly registry.get     'cache-control': 'max-age=0',
84 silly registry.get     'content-length': '52',
84 silly registry.get     'accept-ranges': 'bytes',
84 silly registry.get     via: '1.1 varnish',
84 silly registry.get     age: '0',
84 silly registry.get     'x-served-by': 'cache-atl6232-ATL',
84 silly registry.get     'x-cache': 'MISS',
84 silly registry.get     'x-cache-hits': '0',
84 silly registry.get     'x-timer': 'S1418224599.809593,VS0,VE23',
84 silly registry.get     'keep-alive': 'timeout=10, max=50',
84 silly registry.get     connection: 'Keep-Alive' } ]
85 silly lockFile 79c26d74-servenpm servenpm@
86 silly lockFile 79c26d74-servenpm servenpm@
87 error 404 404 Not Found: servenpm
87 error 404
87 error 404 'servenpm' is not in the npm registry.
87 error 404 You should bug the author to publish it
87 error 404
87 error 404 Note that you can also install from a
87 error 404 tarball, folder, or http url, or git url.
88 error System Darwin 14.0.0
89 error command "node" "/usr/local/bin/npm" "install" "-g" "servenpm" "install" "-g" "serve"
90 error cwd /Users/mikeouellette1/dev/UIT
91 error node -v v0.10.33
92 error npm -v 1.4.28
93 error code E404
94 verbose exit [ 1, true ]
